This file contains any messages produced by compilers while
running configure, to aid debugging if configure makes a mistake.

It was created by xrdp configure 99.99.svn0, which was
generated by GNU Autoconf 2.69.  Invocation command line was

  $ ./configure 

## --------- ##
## Platform. ##
## --------- ##

hostname = nfs-desktop
uname -m = x86_64
uname -r = 3.19.0-cdos
uname -s = Linux
uname -v = #1 SMP Thu Mar 19 11:57:49 CST 2015

/usr/bin/uname -p = unknown
/bin/uname -X     = unknown

/bin/arch              = unknown
/usr/bin/arch -k       = unknown
/usr/convex/getsysinfo = unknown
/usr/bin/hostinfo      = unknown
/bin/machine           = unknown
/usr/bin/oslevel       = unknown
/bin/universe          = unknown

PATH: /usr/local/sbin
PATH: /usr/local/bin
PATH: /usr/sbin
PATH: /usr/bin
PATH: /sbin
PATH: /bin
PATH: /usr/games
PATH: /usr/local/games


## ----------- ##
## Core tests. ##
## ----------- ##

configure:2266: checking for a BSD-compatible install
configure:2334: result: /usr/bin/install -c
configure:2345: checking whether build environment is sane
configure:2400: result: yes
configure:2551: checking for a thread-safe mkdir -p
configure:2590: result: /bin/mkdir -p
configure:2597: checking for gawk
configure:2613: found /usr/bin/gawk
configure:2624: result: gawk
configure:2635: checking whether make sets $(MAKE)
configure:2657: result: yes
configure:2686: checking whether make supports nested variables
configure:2703: result: yes
configure:2876: checking for gcc
configure:2892: found /usr/bin/gcc
configure:2903: result: gcc
configure:3132: checking for C compiler version
configure:3141: gcc --version >&5
gcc (Ubuntu 4.8.2-19ubuntu1) 4.8.2
Copyright (C) 2013 Free Software Foundation, Inc.
This is free software; see the source for copying conditions.  There is NO
warranty; not even for MERCHANTABILITY or FITNESS FOR A PARTICULAR PURPOSE.

configure:3152: $? = 0
configure:3141: gcc -v >&5
Using built-in specs.
COLLECT_GCC=gcc
COLLECT_LTO_WRAPPER=/usr/lib/gcc/x86_64-linux-gnu/4.8/lto-wrapper
Target: x86_64-linux-gnu
Configured with: ../src/configure -v --with-pkgversion='Ubuntu 4.8.2-19ubuntu1' --with-bugurl=file:///usr/share/doc/gcc-4.8/README.Bugs --enable-languages=c,c++,java,go,d,fortran,objc,obj-c++ --prefix=/usr --program-suffix=-4.8 --enable-shared --enable-linker-build-id --libexecdir=/usr/lib --without-included-gettext --enable-threads=posix --with-gxx-include-dir=/usr/include/c++/4.8 --libdir=/usr/lib --enable-nls --with-sysroot=/ --enable-clocale=gnu --enable-libstdcxx-debug --enable-libstdcxx-time=yes --enable-gnu-unique-object --disable-libmudflap --enable-plugin --with-system-zlib --disable-browser-plugin --enable-java-awt=gtk --enable-gtk-cairo --with-java-home=/usr/lib/jvm/java-1.5.0-gcj-4.8-amd64/jre --enable-java-home --with-jvm-root-dir=/usr/lib/jvm/java-1.5.0-gcj-4.8-amd64 --with-jvm-jar-dir=/usr/lib/jvm-exports/java-1.5.0-gcj-4.8-amd64 --with-arch-directory=amd64 --with-ecj-jar=/usr/share/java/eclipse-ecj.jar --enable-objc-gc --enable-multiarch --disable-werror --with-arch-32=i686 --with-abi=m64 --with-multilib-list=m32,m64,mx32 --with-tune=generic --enable-checking=release --build=x86_64-linux-gnu --host=x86_64-linux-gnu --target=x86_64-linux-gnu
Thread model: posix
gcc version 4.8.2 (Ubuntu 4.8.2-19ubuntu1) 
configure:3152: $? = 0
configure:3141: gcc -V >&5
gcc: error: unrecognized command line option '-V'
gcc: fatal error: no input files
compilation terminated.
configure:3152: $? = 4
configure:3141: gcc -qversion >&5
gcc: error: unrecognized command line option '-qversion'
gcc: fatal error: no input files
compilation terminated.
configure:3152: $? = 4
configure:3172: checking whether the C compiler works
configure:3194: gcc    conftest.c  >&5
configure:3198: $? = 0
configure:3246: result: yes
configure:3249: checking for C compiler default output file name
configure:3251: result: a.out
configure:3257: checking for suffix of executables
configure:3264: gcc -o conftest    conftest.c  >&5
configure:3268: $? = 0
configure:3290: result: 
configure:3312: checking whether we are cross compiling
configure:3320: gcc -o conftest    conftest.c  >&5
configure:3324: $? = 0
configure:3331: ./conftest
configure:3335: $? = 0
configure:3350: result: no
configure:3355: checking for suffix of object files
configure:3377: gcc -c   conftest.c >&5
configure:3381: $? = 0
configure:3402: result: o
configure:3406: checking whether we are using the GNU C compiler
configure:3425: gcc -c   conftest.c >&5
configure:3425: $? = 0
configure:3434: result: yes
configure:3443: checking whether gcc accepts -g
configure:3463: gcc -c -g  conftest.c >&5
configure:3463: $? = 0
configure:3504: result: yes
configure:3521: checking for gcc option to accept ISO C89
configure:3584: gcc  -c -g -O2  conftest.c >&5
configure:3584: $? = 0
configure:3597: result: none needed
configure:3622: checking whether gcc understands -c and -o together
configure:3644: gcc -c conftest.c -o conftest2.o
configure:3647: $? = 0
configure:3644: gcc -c conftest.c -o conftest2.o
configure:3647: $? = 0
configure:3659: result: yes
configure:3687: checking for style of include used by make
configure:3715: result: GNU
configure:3741: checking dependency style of gcc
configure:3852: result: gcc3
configure:3868: checking for an ANSI C-conforming const
configure:3934: gcc -c -g -O2  conftest.c >&5
configure:3934: $? = 0
configure:3941: result: yes
configure:3978: checking build system type
configure:3992: result: x86_64-unknown-linux-gnu
configure:4012: checking host system type
configure:4025: result: x86_64-unknown-linux-gnu
configure:4066: checking how to print strings
configure:4093: result: printf
configure:4114: checking for a sed that does not truncate output
configure:4178: result: /bin/sed
configure:4196: checking for grep that handles long lines and -e
configure:4254: result: /bin/grep
configure:4259: checking for egrep
configure:4321: result: /bin/grep -E
configure:4326: checking for fgrep
configure:4388: result: /bin/grep -F
configure:4423: checking for ld used by gcc
configure:4490: result: /usr/bin/ld
configure:4497: checking if the linker (/usr/bin/ld) is GNU ld
configure:4512: result: yes
configure:4524: checking for BSD- or MS-compatible name lister (nm)
configure:4573: result: /usr/bin/nm -B
configure:4703: checking the name lister (/usr/bin/nm -B) interface
configure:4710: gcc -c -g -O2  conftest.c >&5
configure:4713: /usr/bin/nm -B "conftest.o"
configure:4716: output
0000000000000000 B some_variable
configure:4723: result: BSD nm
configure:4726: checking whether ln -s works
configure:4730: result: yes
configure:4738: checking the maximum length of command line arguments
configure:4869: result: 1572864
configure:4886: checking whether the shell understands some XSI constructs
configure:4896: result: yes
configure:4900: checking whether the shell understands "+="
configure:4906: result: yes
configure:4941: checking how to convert x86_64-unknown-linux-gnu file names to x86_64-unknown-linux-gnu format
configure:4981: result: func_convert_file_noop
configure:4988: checking how to convert x86_64-unknown-linux-gnu file names to toolchain format
configure:5008: result: func_convert_file_noop
configure:5015: checking for /usr/bin/ld option to reload object files
configure:5022: result: -r
configure:5096: checking for objdump
configure:5112: found /usr/bin/objdump
configure:5123: result: objdump
configure:5155: checking how to recognize dependent libraries
configure:5353: result: pass_all
configure:5438: checking for dlltool
configure:5468: result: no
configure:5498: checking how to associate runtime and link libraries
configure:5525: result: printf %s\n
configure:5585: checking for ar
configure:5601: found /usr/bin/ar
configure:5612: result: ar
configure:5649: checking for archiver @FILE support
configure:5666: gcc -c -g -O2  conftest.c >&5
configure:5666: $? = 0
configure:5669: ar cru libconftest.a @conftest.lst >&5
configure:5672: $? = 0
configure:5677: ar cru libconftest.a @conftest.lst >&5
ar: conftest.o: No such file or directory
configure:5680: $? = 1
configure:5692: result: @
configure:5750: checking for strip
configure:5766: found /usr/bin/strip
configure:5777: result: strip
configure:5849: checking for ranlib
configure:5865: found /usr/bin/ranlib
configure:5876: result: ranlib
configure:5978: checking command to parse /usr/bin/nm -B output from gcc object
configure:6098: gcc -c -g -O2  conftest.c >&5
configure:6101: $? = 0
configure:6105: /usr/bin/nm -B conftest.o \| sed -n -e 's/^.*[ ]\([ABCDGIRSTW][ABCDGIRSTW]*\)[ ][ ]*\([_A-Za-z][_A-Za-z0-9]*\)$/\1 \2 \2/p' | sed '/ __gnu_lto/d' \> conftest.nm
configure:6108: $? = 0
configure:6174: gcc -o conftest -g -O2   conftest.c conftstm.o >&5
configure:6177: $? = 0
configure:6215: result: ok
configure:6252: checking for sysroot
configure:6282: result: no
configure:6359: gcc -c -g -O2  conftest.c >&5
configure:6362: $? = 0
configure:6551: checking for mt
configure:6567: found /bin/mt
configure:6578: result: mt
configure:6601: checking if mt is a manifest tool
configure:6607: mt '-?'
configure:6615: result: no
configure:7257: checking how to run the C preprocessor
configure:7288: gcc -E  conftest.c
configure:7288: $? = 0
configure:7302: gcc -E  conftest.c
conftest.c:11:28: fatal error: ac_nonexistent.h: No such file or directory
 #include <ac_nonexistent.h>
                            ^
compilation terminated.
configure:7302: $? = 1
configure: failed program was:
| /* confdefs.h */
| #define PACKAGE_NAME "xrdp"
| #define PACKAGE_TARNAME "xrdp"
| #define PACKAGE_VERSION "99.99.svn0"
| #define PACKAGE_STRING "xrdp 99.99.svn0"
| #define PACKAGE_BUGREPORT "http://bugs.ulteo.com"
| #define PACKAGE_URL ""
| #define PACKAGE "xrdp"
| #define VERSION "99.99.svn0"
| /* end confdefs.h.  */
| #include <ac_nonexistent.h>
configure:7327: result: gcc -E
configure:7347: gcc -E  conftest.c
configure:7347: $? = 0
configure:7361: gcc -E  conftest.c
conftest.c:11:28: fatal error: ac_nonexistent.h: No such file or directory
 #include <ac_nonexistent.h>
                            ^
compilation terminated.
configure:7361: $? = 1
configure: failed program was:
| /* confdefs.h */
| #define PACKAGE_NAME "xrdp"
| #define PACKAGE_TARNAME "xrdp"
| #define PACKAGE_VERSION "99.99.svn0"
| #define PACKAGE_STRING "xrdp 99.99.svn0"
| #define PACKAGE_BUGREPORT "http://bugs.ulteo.com"
| #define PACKAGE_URL ""
| #define PACKAGE "xrdp"
| #define VERSION "99.99.svn0"
| /* end confdefs.h.  */
| #include <ac_nonexistent.h>
configure:7390: checking for ANSI C header files
configure:7410: gcc -c -g -O2  conftest.c >&5
configure:7410: $? = 0
configure:7483: gcc -o conftest -g -O2   conftest.c  >&5
configure:7483: $? = 0
configure:7483: ./conftest
configure:7483: $? = 0
configure:7494: result: yes
configure:7507: checking for sys/types.h
configure:7507: gcc -c -g -O2  conftest.c >&5
configure:7507: $? = 0
configure:7507: result: yes
configure:7507: checking for sys/stat.h
configure:7507: gcc -c -g -O2  conftest.c >&5
configure:7507: $? = 0
configure:7507: result: yes
configure:7507: checking for stdlib.h
configure:7507: gcc -c -g -O2  conftest.c >&5
configure:7507: $? = 0
configure:7507: result: yes
configure:7507: checking for string.h
configure:7507: gcc -c -g -O2  conftest.c >&5
configure:7507: $? = 0
configure:7507: result: yes
configure:7507: checking for memory.h
configure:7507: gcc -c -g -O2  conftest.c >&5
configure:7507: $? = 0
configure:7507: result: yes
configure:7507: checking for strings.h
configure:7507: gcc -c -g -O2  conftest.c >&5
configure:7507: $? = 0
configure:7507: result: yes
configure:7507: checking for inttypes.h
configure:7507: gcc -c -g -O2  conftest.c >&5
configure:7507: $? = 0
configure:7507: result: yes
configure:7507: checking for stdint.h
configure:7507: gcc -c -g -O2  conftest.c >&5
configure:7507: $? = 0
configure:7507: result: yes
configure:7507: checking for unistd.h
configure:7507: gcc -c -g -O2  conftest.c >&5
configure:7507: $? = 0
configure:7507: result: yes
configure:7521: checking for dlfcn.h
configure:7521: gcc -c -g -O2  conftest.c >&5
configure:7521: $? = 0
configure:7521: result: yes
configure:7727: checking for objdir
configure:7742: result: .libs
configure:8009: checking if gcc supports -fno-rtti -fno-exceptions
configure:8027: gcc -c -g -O2  -fno-rtti -fno-exceptions conftest.c >&5
cc1: warning: command line option '-fno-rtti' is valid for C++/ObjC++ but not for C [enabled by default]
configure:8031: $? = 0
configure:8044: result: no
configure:8371: checking for gcc option to produce PIC
configure:8378: result: -fPIC -DPIC
configure:8386: checking if gcc PIC flag -fPIC -DPIC works
configure:8404: gcc -c -g -O2  -fPIC -DPIC -DPIC conftest.c >&5
configure:8408: $? = 0
configure:8421: result: yes
configure:8450: checking if gcc static flag -static works
configure:8478: result: yes
configure:8493: checking if gcc supports -c -o file.o
configure:8514: gcc -c -g -O2  -o out/conftest2.o conftest.c >&5
configure:8518: $? = 0
configure:8540: result: yes
configure:8548: checking if gcc supports -c -o file.o
configure:8595: result: yes
configure:8628: checking whether the gcc linker (/usr/bin/ld -m elf_x86_64) supports shared libraries
configure:9785: result: yes
configure:9822: checking whether -lc should be explicitly linked in
configure:9830: gcc -c -g -O2  conftest.c >&5
configure:9833: $? = 0
configure:9848: gcc -shared  -fPIC -DPIC conftest.o  -v -Wl,-soname -Wl,conftest -o conftest 2\>\&1 \| /bin/grep  -lc  \>/dev/null 2\>\&1
configure:9851: $? = 0
configure:9865: result: no
configure:10025: checking dynamic linker characteristics
configure:10525: gcc -o conftest -g -O2   -Wl,-rpath -Wl,/foo conftest.c  >&5
configure:10525: $? = 0
configure:10759: result: GNU/Linux ld.so
configure:10866: checking how to hardcode library paths into programs
configure:10891: result: immediate
configure:11431: checking whether stripping libraries is possible
configure:11436: result: yes
configure:11471: checking if libtool supports shared libraries
configure:11473: result: yes
configure:11476: checking whether to build shared libraries
configure:11497: result: yes
configure:11500: checking whether to build static libraries
configure:11504: result: yes
configure:11589: checking for openssl/rc4.h
configure:11589: gcc -c -g -O2  conftest.c >&5
configure:11589: $? = 0
configure:11589: result: yes
configure:11605: checking security/pam_appl.h usability
configure:11605: gcc -c -g -O2  conftest.c >&5
configure:11605: $? = 0
configure:11605: result: yes
configure:11605: checking security/pam_appl.h presence
configure:11605: gcc -E  conftest.c
configure:11605: $? = 0
configure:11605: result: yes
configure:11605: checking for security/pam_appl.h
configure:11605: result: yes
configure:11617: checking X11/Xlib.h usability
configure:11617: gcc -c -g -O2  conftest.c >&5
configure:11617: $? = 0
configure:11617: result: yes
configure:11617: checking X11/Xlib.h presence
configure:11617: gcc -E  conftest.c
configure:11617: $? = 0
configure:11617: result: yes
configure:11617: checking for X11/Xlib.h
configure:11617: result: yes
configure:11625: checking for X11/extensions/Xfixes.h
configure:11625: gcc -c -g -O2  conftest.c >&5
configure:11625: $? = 0
configure:11625: result: yes
configure:11636: checking jpeglib.h usability
configure:11636: gcc -c -g -O2  conftest.c >&5
configure:11636: $? = 0
configure:11636: result: yes
configure:11636: checking jpeglib.h presence
configure:11636: gcc -E  conftest.c
configure:11636: $? = 0
configure:11636: result: yes
configure:11636: checking for jpeglib.h
configure:11636: result: yes
configure:11646: checking cups/cups.h usability
configure:11646: gcc -c -g -O2  conftest.c >&5
configure:11646: $? = 0
configure:11646: result: yes
configure:11646: checking cups/cups.h presence
configure:11646: gcc -E  conftest.c
configure:11646: $? = 0
configure:11646: result: yes
configure:11646: checking for cups/cups.h
configure:11646: result: yes
configure:11657: checking for libxml/xmlmemory.h
configure:11672: gcc -c -g -O2  conftest.c >&5
conftest.c:23:30: fatal error: libxml/xmlmemory.h: No such file or directory
 #include <libxml/xmlmemory.h>
                              ^
compilation terminated.
configure:11672: $? = 1
configure: failed program was:
| /* confdefs.h */
| #define PACKAGE_NAME "xrdp"
| #define PACKAGE_TARNAME "xrdp"
| #define PACKAGE_VERSION "99.99.svn0"
| #define PACKAGE_STRING "xrdp 99.99.svn0"
| #define PACKAGE_BUGREPORT "http://bugs.ulteo.com"
| #define PACKAGE_URL ""
| #define PACKAGE "xrdp"
| #define VERSION "99.99.svn0"
| #define STDC_HEADERS 1
| #define HAVE_SYS_TYPES_H 1
| #define HAVE_SYS_STAT_H 1
| #define HAVE_STDLIB_H 1
| #define HAVE_STRING_H 1
| #define HAVE_MEMORY_H 1
| #define HAVE_STRINGS_H 1
| #define HAVE_INTTYPES_H 1
| #define HAVE_STDINT_H 1
| #define HAVE_UNISTD_H 1
| #define HAVE_DLFCN_H 1
| #define LT_OBJDIR ".libs/"
| /* end confdefs.h.  */
| #include <libxml/xmlmemory.h>
| int
| main ()
| {
| int a = 1;
|   ;
|   return 0;
| }
configure:11696: gcc -c -g -O2  -I/usr/include conftest.c >&5
conftest.c:23:30: fatal error: libxml/xmlmemory.h: No such file or directory
 #include <libxml/xmlmemory.h>
                              ^
compilation terminated.
configure:11696: $? = 1
configure: failed program was:
| /* confdefs.h */
| #define PACKAGE_NAME "xrdp"
| #define PACKAGE_TARNAME "xrdp"
| #define PACKAGE_VERSION "99.99.svn0"
| #define PACKAGE_STRING "xrdp 99.99.svn0"
| #define PACKAGE_BUGREPORT "http://bugs.ulteo.com"
| #define PACKAGE_URL ""
| #define PACKAGE "xrdp"
| #define VERSION "99.99.svn0"
| #define STDC_HEADERS 1
| #define HAVE_SYS_TYPES_H 1
| #define HAVE_SYS_STAT_H 1
| #define HAVE_STDLIB_H 1
| #define HAVE_STRING_H 1
| #define HAVE_MEMORY_H 1
| #define HAVE_STRINGS_H 1
| #define HAVE_INTTYPES_H 1
| #define HAVE_STDINT_H 1
| #define HAVE_UNISTD_H 1
| #define HAVE_DLFCN_H 1
| #define LT_OBJDIR ".libs/"
| /* end confdefs.h.  */
| #include <libxml/xmlmemory.h>
| int
| main ()
| {
| int a = 1;
|   ;
|   return 0;
| }
configure:11696: gcc -c -g -O2  -I/usr/local/include conftest.c >&5
conftest.c:23:30: fatal error: libxml/xmlmemory.h: No such file or directory
 #include <libxml/xmlmemory.h>
                              ^
compilation terminated.
configure:11696: $? = 1
configure: failed program was:
| /* confdefs.h */
| #define PACKAGE_NAME "xrdp"
| #define PACKAGE_TARNAME "xrdp"
| #define PACKAGE_VERSION "99.99.svn0"
| #define PACKAGE_STRING "xrdp 99.99.svn0"
| #define PACKAGE_BUGREPORT "http://bugs.ulteo.com"
| #define PACKAGE_URL ""
| #define PACKAGE "xrdp"
| #define VERSION "99.99.svn0"
| #define STDC_HEADERS 1
| #define HAVE_SYS_TYPES_H 1
| #define HAVE_SYS_STAT_H 1
| #define HAVE_STDLIB_H 1
| #define HAVE_STRING_H 1
| #define HAVE_MEMORY_H 1
| #define HAVE_STRINGS_H 1
| #define HAVE_INTTYPES_H 1
| #define HAVE_STDINT_H 1
| #define HAVE_UNISTD_H 1
| #define HAVE_DLFCN_H 1
| #define LT_OBJDIR ".libs/"
| /* end confdefs.h.  */
| #include <libxml/xmlmemory.h>
| int
| main ()
| {
| int a = 1;
|   ;
|   return 0;
| }
configure:11696: gcc -c -g -O2  -I/usr/include/libxml2 conftest.c >&5
configure:11696: $? = 0
configure:11713: checking libxml/xmlmemory.h usability
configure:11713: gcc -c -g -O2  -I/usr/include/libxml2 conftest.c >&5
configure:11713: $? = 0
configure:11713: result: yes
configure:11713: checking libxml/xmlmemory.h presence
configure:11713: gcc -E  -I/usr/include/libxml2 conftest.c
configure:11713: $? = 0
configure:11713: result: yes
configure:11713: checking for libxml/xmlmemory.h
configure:11713: result: yes
configure:11713: checking libxml/parser.h usability
configure:11713: gcc -c -g -O2  -I/usr/include/libxml2 conftest.c >&5
configure:11713: $? = 0
configure:11713: result: yes
configure:11713: checking libxml/parser.h presence
configure:11713: gcc -E  -I/usr/include/libxml2 conftest.c
configure:11713: $? = 0
configure:11713: result: yes
configure:11713: checking for libxml/parser.h
configure:11713: result: yes
configure:11713: checking libxml/xinclude.h usability
configure:11713: gcc -c -g -O2  -I/usr/include/libxml2 conftest.c >&5
configure:11713: $? = 0
configure:11713: result: yes
configure:11713: checking libxml/xinclude.h presence
configure:11713: gcc -E  -I/usr/include/libxml2 conftest.c
configure:11713: $? = 0
configure:11713: result: yes
configure:11713: checking for libxml/xinclude.h
configure:11713: result: yes
configure:11727: checking pulse/pulseaudio.h usability
configure:11727: gcc -c -g -O2  -I/usr/include/libxml2 conftest.c >&5
configure:11727: $? = 0
configure:11727: result: yes
configure:11727: checking pulse/pulseaudio.h presence
configure:11727: gcc -E  -I/usr/include/libxml2 conftest.c
configure:11727: $? = 0
configure:11727: result: yes
configure:11727: checking for pulse/pulseaudio.h
configure:11727: result: yes
configure:11737: checking ltdl.h usability
configure:11737: gcc -c -g -O2  -I/usr/include/libxml2 conftest.c >&5
configure:11737: $? = 0
configure:11737: result: yes
configure:11737: checking ltdl.h presence
configure:11737: gcc -E  -I/usr/include/libxml2 conftest.c
configure:11737: $? = 0
configure:11737: result: yes
configure:11737: checking for ltdl.h
configure:11737: result: yes
configure:11748: checking fuse.h usability
configure:11748: gcc -c -g -O2 -D_FILE_OFFSET_BITS=64 conftest.c >&5
configure:11748: $? = 0
configure:11748: result: yes
configure:11748: checking fuse.h presence
configure:11748: gcc -E -D_FILE_OFFSET_BITS=64 conftest.c
configure:11748: $? = 0
configure:11748: result: yes
configure:11748: checking for fuse.h
configure:11748: result: yes
configure:11760: checking wand/MagickWand.h usability
configure:11760: gcc -c -fopenmp -I/usr/include/ImageMagick   -D_FILE_OFFSET_BITS=64 conftest.c >&5
configure:11760: $? = 0
configure:11760: result: yes
configure:11760: checking wand/MagickWand.h presence
configure:11760: gcc -E -D_FILE_OFFSET_BITS=64 conftest.c
conftest.c:26:29: fatal error: wand/MagickWand.h: No such file or directory
 #include <wand/MagickWand.h>
                             ^
compilation terminated.
configure:11760: $? = 1
configure: failed program was:
| /* confdefs.h */
| #define PACKAGE_NAME "xrdp"
| #define PACKAGE_TARNAME "xrdp"
| #define PACKAGE_VERSION "99.99.svn0"
| #define PACKAGE_STRING "xrdp 99.99.svn0"
| #define PACKAGE_BUGREPORT "http://bugs.ulteo.com"
| #define PACKAGE_URL ""
| #define PACKAGE "xrdp"
| #define VERSION "99.99.svn0"
| #define STDC_HEADERS 1
| #define HAVE_SYS_TYPES_H 1
| #define HAVE_SYS_STAT_H 1
| #define HAVE_STDLIB_H 1
| #define HAVE_STRING_H 1
| #define HAVE_MEMORY_H 1
| #define HAVE_STRINGS_H 1
| #define HAVE_INTTYPES_H 1
| #define HAVE_STDINT_H 1
| #define HAVE_UNISTD_H 1
| #define HAVE_DLFCN_H 1
| #define LT_OBJDIR ".libs/"
| #define HAVE_LIBXML_XMLMEMORY_H 1
| #define HAVE_LIBXML_PARSER_H 1
| #define HAVE_LIBXML_XINCLUDE_H 1
| /* end confdefs.h.  */
| #include <wand/MagickWand.h>
configure:11760: result: no
configure:11760: WARNING: wand/MagickWand.h: accepted by the compiler, rejected by the preprocessor!
configure:11760: WARNING: wand/MagickWand.h: proceeding with the compiler's result
configure:11760: checking for wand/MagickWand.h
configure:11760: result: yes
configure:11784: checking for explicit iconv link options
configure:11787: result: no explicit iconv link option
configure:11797: checking iconv.h usability
configure:11797: gcc -c -fopenmp -I/usr/include/ImageMagick   -D_FILE_OFFSET_BITS=64 conftest.c >&5
configure:11797: $? = 0
configure:11797: result: yes
configure:11797: checking iconv.h presence
configure:11797: gcc -E -D_FILE_OFFSET_BITS=64 conftest.c
configure:11797: $? = 0
configure:11797: result: yes
configure:11797: checking for iconv.h
configure:11797: result: yes
configure:11809: checking whether iconv() is in libc
configure:11829: gcc -o conftest -fopenmp -I/usr/include/ImageMagick   -D_FILE_OFFSET_BITS=64  conftest.c  >&5
configure:11829: $? = 0
configure:11837: result: yes
configure:12043: checking that generated files are newer than configure
configure:12049: result: done
configure:12084: creating ./config.status

## ---------------------- ##
## Running config.status. ##
## ---------------------- ##

This file was extended by xrdp config.status 99.99.svn0, which was
generated by GNU Autoconf 2.69.  Invocation command line was

  CONFIG_FILES    = 
  CONFIG_HEADERS  = 
  CONFIG_LINKS    = 
  CONFIG_COMMANDS = 
  $ ./config.status 

on nfs-desktop

config.status:1120: creating Makefile
config.status:1120: creating common/Makefile
config.status:1120: creating docs/Makefile
config.status:1120: creating docs/man/Makefile
config.status:1120: creating genkeymap/Makefile
config.status:1120: creating instfiles/Makefile
config.status:1120: creating instfiles/init/Makefile
config.status:1120: creating instfiles/pam.d/Makefile
config.status:1120: creating instfiles/Xserver/Makefile
config.status:1120: creating keygen/Makefile
config.status:1120: creating libxrdp/Makefile
config.status:1120: creating logd/Makefile
config.status:1120: creating mc/Makefile
config.status:1120: creating sesman/Makefile
config.status:1120: creating sesman/chansrv/rdpdr/Makefile
config.status:1120: creating sesman/chansrv/rdpsnd2/Makefile
config.status:1120: creating sesman/chansrv/cliprdr/Makefile
config.status:1120: creating sesman/libscp/Makefile
config.status:1120: creating sesman/tools/Makefile
config.status:1120: creating sesman/sessvc/Makefile
config.status:1120: creating sesman/chansrv/Makefile
config.status:1120: creating printer/Makefile
config.status:1120: creating printerd/Makefile
config.status:1120: creating python/Makefile
config.status:1120: creating rdp/Makefile
config.status:1120: creating seamlessrdpshell/Makefile
config.status:1120: creating vchannel/Makefile
config.status:1120: creating vnc/Makefile
config.status:1120: creating xup/Makefile
config.status:1120: creating xrdp/Makefile
config.status:1120: creating config_ac.h
config.status:1301: config_ac.h is unchanged
config.status:1349: executing depfiles commands
config.status:1349: executing libtool commands

## ---------------- ##
## Cache variables. ##
## ---------------- ##

ac_cv_build=x86_64-unknown-linux-gnu
ac_cv_c_compiler_gnu=yes
ac_cv_c_const=yes
ac_cv_env_CC_set=
ac_cv_env_CC_value=
ac_cv_env_CFLAGS_set=
ac_cv_env_CFLAGS_value=
ac_cv_env_CPPFLAGS_set=
ac_cv_env_CPPFLAGS_value=
ac_cv_env_CPP_set=
ac_cv_env_CPP_value=
ac_cv_env_LDFLAGS_set=
ac_cv_env_LDFLAGS_value=
ac_cv_env_LIBS_set=
ac_cv_env_LIBS_value=
ac_cv_env_build_alias_set=
ac_cv_env_build_alias_value=
ac_cv_env_host_alias_set=
ac_cv_env_host_alias_value=
ac_cv_env_target_alias_set=
ac_cv_env_target_alias_value=
ac_cv_header_X11_Xlib_h=yes
ac_cv_header_X11_extensions_Xfixes_h=yes
ac_cv_header_cups_cups_h=yes
ac_cv_header_dlfcn_h=yes
ac_cv_header_fuse_h=yes
ac_cv_header_iconv_h=yes
ac_cv_header_inttypes_h=yes
ac_cv_header_jpeglib_h=yes
ac_cv_header_libxml_parser_h=yes
ac_cv_header_libxml_xinclude_h=yes
ac_cv_header_libxml_xmlmemory_h=yes
ac_cv_header_ltdl_h=yes
ac_cv_header_memory_h=yes
ac_cv_header_openssl_rc4_h=yes
ac_cv_header_pulse_pulseaudio_h=yes
ac_cv_header_security_pam_appl_h=yes
ac_cv_header_stdc=yes
ac_cv_header_stdint_h=yes
ac_cv_header_stdlib_h=yes
ac_cv_header_string_h=yes
ac_cv_header_strings_h=yes
ac_cv_header_sys_stat_h=yes
ac_cv_header_sys_types_h=yes
ac_cv_header_unistd_h=yes
ac_cv_header_wand_MagickWand_h=yes
ac_cv_host=x86_64-unknown-linux-gnu
ac_cv_objext=o
ac_cv_path_EGREP='/bin/grep -E'
ac_cv_path_FGREP='/bin/grep -F'
ac_cv_path_GREP=/bin/grep
ac_cv_path_SED=/bin/sed
ac_cv_path_install='/usr/bin/install -c'
ac_cv_path_mkdir=/bin/mkdir
ac_cv_prog_AWK=gawk
ac_cv_prog_CPP='gcc -E'
ac_cv_prog_ac_ct_AR=ar
ac_cv_prog_ac_ct_CC=gcc
ac_cv_prog_ac_ct_MANIFEST_TOOL=mt
ac_cv_prog_ac_ct_OBJDUMP=objdump
ac_cv_prog_ac_ct_RANLIB=ranlib
ac_cv_prog_ac_ct_STRIP=strip
ac_cv_prog_cc_c89=
ac_cv_prog_cc_g=yes
ac_cv_prog_make_make_set=yes
am_cv_CC_dependencies_compiler_type=gcc3
am_cv_make_support_nested_variables=yes
am_cv_prog_cc_c_o=yes
lt_cv_ar_at_file=@
lt_cv_archive_cmds_need_lc=no
lt_cv_deplibs_check_method=pass_all
lt_cv_file_magic_cmd='$MAGIC_CMD'
lt_cv_file_magic_test_file=
lt_cv_ld_reload_flag=-r
lt_cv_nm_interface='BSD nm'
lt_cv_objdir=.libs
lt_cv_path_LD=/usr/bin/ld
lt_cv_path_NM='/usr/bin/nm -B'
lt_cv_path_mainfest_tool=no
lt_cv_prog_compiler_c_o=yes
lt_cv_prog_compiler_pic='-fPIC -DPIC'
lt_cv_prog_compiler_pic_works=yes
lt_cv_prog_compiler_rtti_exceptions=no
lt_cv_prog_compiler_static_works=yes
lt_cv_prog_gnu_ld=yes
lt_cv_sharedlib_from_linklib_cmd='printf %s\n'
lt_cv_shlibpath_overrides_runpath=no
lt_cv_sys_global_symbol_pipe='sed -n -e '\''s/^.*[	 ]\([ABCDGIRSTW][ABCDGIRSTW]*\)[	 ][	 ]*\([_A-Za-z][_A-Za-z0-9]*\)$/\1 \2 \2/p'\'' | sed '\''/ __gnu_lto/d'\'''
lt_cv_sys_global_symbol_to_c_name_address='sed -n -e '\''s/^: \([^ ]*\)[ ]*$/  {\"\1\", (void *) 0},/p'\'' -e '\''s/^[ABCDGIRSTW]* \([^ ]*\) \([^ ]*\)$/  {"\2", (void *) \&\2},/p'\'''
lt_cv_sys_global_symbol_to_c_name_address_lib_prefix='sed -n -e '\''s/^: \([^ ]*\)[ ]*$/  {\"\1\", (void *) 0},/p'\'' -e '\''s/^[ABCDGIRSTW]* \([^ ]*\) \(lib[^ ]*\)$/  {"\2", (void *) \&\2},/p'\'' -e '\''s/^[ABCDGIRSTW]* \([^ ]*\) \([^ ]*\)$/  {"lib\2", (void *) \&\2},/p'\'''
lt_cv_sys_global_symbol_to_cdecl='sed -n -e '\''s/^T .* \(.*\)$/extern int \1();/p'\'' -e '\''s/^[ABCDGIRSTW]* .* \(.*\)$/extern char \1;/p'\'''
lt_cv_sys_max_cmd_len=1572864
lt_cv_to_host_file_cmd=func_convert_file_noop
lt_cv_to_tool_file_cmd=func_convert_file_noop

## ----------------- ##
## Output variables. ##
## ----------------- ##

ACLOCAL='${SHELL} /root/nfs-ovd/ulteo-ovd-sources-3.0.4/xrdp/missing aclocal-1.14'
AMDEPBACKSLASH='\'
AMDEP_FALSE='#'
AMDEP_TRUE=''
AMTAR='$${TAR-tar}'
AM_BACKSLASH='\'
AM_DEFAULT_V='$(AM_DEFAULT_VERBOSITY)'
AM_DEFAULT_VERBOSITY='1'
AM_V='$(V)'
AR='ar'
AUTOCONF='${SHELL} /root/nfs-ovd/ulteo-ovd-sources-3.0.4/xrdp/missing autoconf'
AUTOHEADER='${SHELL} /root/nfs-ovd/ulteo-ovd-sources-3.0.4/xrdp/missing autoheader'
AUTOMAKE='${SHELL} /root/nfs-ovd/ulteo-ovd-sources-3.0.4/xrdp/missing automake-1.14'
AWK='gawk'
CC='gcc'
CCDEPMODE='depmode=gcc3'
CFLAGS='-fopenmp -I/usr/include/ImageMagick  '
CPP='gcc -E'
CPPFLAGS='-D_FILE_OFFSET_BITS=64'
CYGPATH_W='echo'
DEFS='-DHAVE_CONFIG_H'
DEPDIR='.deps'
DLLTOOL='false'
DSYMUTIL=''
DUMPBIN=''
ECHO_C=''
ECHO_N='-n'
ECHO_T=''
EGREP='/bin/grep -E'
EXEEXT=''
FGREP='/bin/grep -F'
GREP='/bin/grep'
INSTALL_DATA='${INSTALL} -m 644'
INSTALL_PROGRAM='${INSTALL}'
INSTALL_SCRIPT='${INSTALL}'
INSTALL_STRIP_PROGRAM='$(install_sh) -c -s'
LD='/usr/bin/ld -m elf_x86_64'
LDFLAGS=''
LIBOBJS=''
LIBS=''
LIBTOOL='$(SHELL) $(top_builddir)/libtool'
LIPO=''
LN_S='ln -s'
LTLIBOBJS=''
MAKEINFO='${SHELL} /root/nfs-ovd/ulteo-ovd-sources-3.0.4/xrdp/missing makeinfo'
MANIFEST_TOOL=':'
MKDIR_P='/bin/mkdir -p'
NM='/usr/bin/nm -B'
NMEDIT=''
OBJDUMP='objdump'
OBJEXT='o'
OTOOL64=''
OTOOL=''
PACKAGE='xrdp'
PACKAGE_BUGREPORT='http://bugs.ulteo.com'
PACKAGE_NAME='xrdp'
PACKAGE_STRING='xrdp 99.99.svn0'
PACKAGE_TARNAME='xrdp'
PACKAGE_URL=''
PACKAGE_VERSION='99.99.svn0'
PATH_SEPARATOR=':'
RANLIB='ranlib'
SED='/bin/sed'
SESMAN_KERBEROS_FALSE=''
SESMAN_KERBEROS_TRUE='#'
SESMAN_NOPAM_FALSE=''
SESMAN_NOPAM_TRUE='#'
SESMAN_PAMUSERPASS_FALSE=''
SESMAN_PAMUSERPASS_TRUE='#'
SET_MAKE=''
SHELL='/bin/bash'
STRIP='strip'
VERSION='99.99.svn0'
ac_ct_AR='ar'
ac_ct_CC='gcc'
ac_ct_DUMPBIN=''
am__EXEEXT_FALSE=''
am__EXEEXT_TRUE='#'
am__fastdepCC_FALSE='#'
am__fastdepCC_TRUE=''
am__include='include'
am__isrc=''
am__leading_dot='.'
am__nodep='_no'
am__quote=''
am__tar='$${TAR-tar} chof - "$$tardir"'
am__untar='$${TAR-tar} xf -'
bindir='/usr/bin'
build='x86_64-unknown-linux-gnu'
build_alias=''
build_cpu='x86_64'
build_os='linux-gnu'
build_vendor='unknown'
datadir='${datarootdir}'
datarootdir='/usr/share'
docdir='${datarootdir}/doc/${PACKAGE_TARNAME}'
dvidir='${docdir}'
exec_prefix='${prefix}'
host='x86_64-unknown-linux-gnu'
host_alias=''
host_cpu='x86_64'
host_os='linux-gnu'
host_vendor='unknown'
htmldir='${docdir}'
includedir='${prefix}/include'
infodir='${datarootdir}/info'
install_sh='${SHELL} /root/nfs-ovd/ulteo-ovd-sources-3.0.4/xrdp/install-sh'
libdir='${exec_prefix}/lib'
libexecdir='${exec_prefix}/libexec'
localedir='${datarootdir}/locale'
localstatedir='/var'
mandir='${datarootdir}/man'
mkdir_p='$(MKDIR_P)'
oldincludedir='/usr/include'
pdfdir='${docdir}'
prefix='/usr'
program_transform_name='s,x,x,'
psdir='${docdir}'
sbindir='${exec_prefix}/sbin'
sharedstatedir='${prefix}/com'
sysconfdir='/etc'
target_alias=''

## ----------- ##
## confdefs.h. ##
## ----------- ##

/* confdefs.h */
#define PACKAGE_NAME "xrdp"
#define PACKAGE_TARNAME "xrdp"
#define PACKAGE_VERSION "99.99.svn0"
#define PACKAGE_STRING "xrdp 99.99.svn0"
#define PACKAGE_BUGREPORT "http://bugs.ulteo.com"
#define PACKAGE_URL ""
#define PACKAGE "xrdp"
#define VERSION "99.99.svn0"
#define STDC_HEADERS 1
#define HAVE_SYS_TYPES_H 1
#define HAVE_SYS_STAT_H 1
#define HAVE_STDLIB_H 1
#define HAVE_STRING_H 1
#define HAVE_MEMORY_H 1
#define HAVE_STRINGS_H 1
#define HAVE_INTTYPES_H 1
#define HAVE_STDINT_H 1
#define HAVE_UNISTD_H 1
#define HAVE_DLFCN_H 1
#define LT_OBJDIR ".libs/"
#define HAVE_LIBXML_XMLMEMORY_H 1
#define HAVE_LIBXML_PARSER_H 1
#define HAVE_LIBXML_XINCLUDE_H 1
#define HAVE_ICONV_H 1
#define HAVE_ICONV 1

configure: exit 0
